{"/Users/khairunnisa/WebstormProjects/REACTJS/landing_page_axa_mandiri/src/App.jsx": {"path":"/Users/khairunnisa/WebstormProjects/REACTJS/landing_page_axa_mandiri/src/App.jsx","statementMap":{"0":{"start":{"line":15,"column":2},"end":{"line":29,"column":3}}},"fnMap":{"0":{"name":"App","decl":{"start":{"line":14,"column":9},"end":{"line":14,"column":12}},"loc":{"start":{"line":14,"column":15},"end":{"line":30,"column":1}},"line":14}},"branchMap":{},"s":{"0":0},"f":{"0":0},"b":{}}
,"/Users/khairunnisa/WebstormProjects/REACTJS/landing_page_axa_mandiri/src/config.js": {"path":"/Users/khairunnisa/WebstormProjects/REACTJS/landing_page_axa_mandiri/src/config.js","statementMap":{"0":{"start":{"line":1,"column":16},"end":{"line":1,"column":55}}},"fnMap":{},"branchMap":{},"s":{"0":0},"f":{},"b":{}}
,"/Users/khairunnisa/WebstormProjects/REACTJS/landing_page_axa_mandiri/src/http-common.js": {"path":"/Users/khairunnisa/WebstormProjects/REACTJS/landing_page_axa_mandiri/src/http-common.js","statementMap":{},"fnMap":{},"branchMap":{},"s":{},"f":{},"b":{},"_coverageSchema":"1a1c01bbd47fc00a2c39e90264f33305004495a9","hash":"269f49c5c57e2273a9f9bd36787d99efe7084c69"}
,"/Users/khairunnisa/WebstormProjects/REACTJS/landing_page_axa_mandiri/src/main.jsx": {"path":"/Users/khairunnisa/WebstormProjects/REACTJS/landing_page_axa_mandiri/src/main.jsx","statementMap":{"0":{"start":{"line":7,"column":0},"end":{"line":11,"column":1}}},"fnMap":{},"branchMap":{},"s":{"0":0},"f":{},"b":{}}
,"/Users/khairunnisa/WebstormProjects/REACTJS/landing_page_axa_mandiri/src/components/button/button.jsx": {"path":"/Users/khairunnisa/WebstormProjects/REACTJS/landing_page_axa_mandiri/src/components/button/button.jsx","statementMap":{"0":{"start":{"line":5,"column":2},"end":{"line":9,"column":4}},"1":{"start":{"line":12,"column":0},"end":{"line":15,"column":2}}},"fnMap":{"0":{"name":"Button","decl":{"start":{"line":4,"column":24},"end":{"line":4,"column":30}},"loc":{"start":{"line":4,"column":67},"end":{"line":10,"column":1}},"line":4}},"branchMap":{},"s":{"0":7,"1":3},"f":{"0":7},"b":{},"_coverageSchema":"1a1c01bbd47fc00a2c39e90264f33305004495a9","hash":"1b5e9f4c1e77125c7fce2f300b9f5484b09850aa"}
,"/Users/khairunnisa/WebstormProjects/REACTJS/landing_page_axa_mandiri/src/components/list-user-information/list-user-information.jsx": {"path":"/Users/khairunnisa/WebstormProjects/REACTJS/landing_page_axa_mandiri/src/components/list-user-information/list-user-information.jsx","statementMap":{"0":{"start":{"line":9,"column":2},"end":{"line":75,"column":4}},"1":{"start":{"line":77,"column":0},"end":{"line":79,"column":2}}},"fnMap":{"0":{"name":"ListUserInformation","decl":{"start":{"line":8,"column":24},"end":{"line":8,"column":43}},"loc":{"start":{"line":8,"column":58},"end":{"line":76,"column":1}},"line":8}},"branchMap":{},"s":{"0":1,"1":1},"f":{"0":1},"b":{},"_coverageSchema":"1a1c01bbd47fc00a2c39e90264f33305004495a9","hash":"89976e5e959161b7a55891e9d7aea7f17fdd3c88"}
,"/Users/khairunnisa/WebstormProjects/REACTJS/landing_page_axa_mandiri/src/components/modal/modal.jsx": {"path":"/Users/khairunnisa/WebstormProjects/REACTJS/landing_page_axa_mandiri/src/components/modal/modal.jsx","statementMap":{"0":{"start":{"line":6,"column":2},"end":{"line":6,"column":35}},"1":{"start":{"line":6,"column":23},"end":{"line":6,"column":35}},"2":{"start":{"line":8,"column":24},"end":{"line":12,"column":3}},"3":{"start":{"line":9,"column":4},"end":{"line":11,"column":5}},"4":{"start":{"line":10,"column":6},"end":{"line":10,"column":23}},"5":{"start":{"line":14,"column":2},"end":{"line":21,"column":4}},"6":{"start":{"line":24,"column":0},"end":{"line":28,"column":2}}},"fnMap":{"0":{"name":"Modal","decl":{"start":{"line":5,"column":24},"end":{"line":5,"column":29}},"loc":{"start":{"line":5,"column":76},"end":{"line":22,"column":1}},"line":5},"1":{"name":"(anonymous_1)","decl":{"start":{"line":8,"column":24},"end":{"line":8,"column":25}},"loc":{"start":{"line":8,"column":31},"end":{"line":12,"column":3}},"line":8}},"branchMap":{"0":{"loc":{"start":{"line":6,"column":2},"end":{"line":6,"column":35}},"type":"if","locations":[{"start":{"line":6,"column":2},"end":{"line":6,"column":35}},{"start":{},"end":{}}],"line":6},"1":{"loc":{"start":{"line":9,"column":4},"end":{"line":11,"column":5}},"type":"if","locations":[{"start":{"line":9,"column":4},"end":{"line":11,"column":5}},{"start":{},"end":{}}],"line":9}},"s":{"0":4,"1":1,"2":3,"3":2,"4":1,"5":3,"6":1},"f":{"0":4,"1":2},"b":{"0":[1,3],"1":[1,1]},"_coverageSchema":"1a1c01bbd47fc00a2c39e90264f33305004495a9","hash":"d3662682c15c0b20d0ee937055b952f7c116becb"}
,"/Users/khairunnisa/WebstormProjects/REACTJS/landing_page_axa_mandiri/src/components/navbar/navbar.jsx": {"path":"/Users/khairunnisa/WebstormProjects/REACTJS/landing_page_axa_mandiri/src/components/navbar/navbar.jsx","statementMap":{"0":{"start":{"line":2,"column":8},"end":{"line":25,"column":10}}},"fnMap":{"0":{"name":"Navbar","decl":{"start":{"line":1,"column":24},"end":{"line":1,"column":30}},"loc":{"start":{"line":1,"column":33},"end":{"line":26,"column":1}},"line":1}},"branchMap":{},"s":{"0":3},"f":{"0":3},"b":{},"_coverageSchema":"1a1c01bbd47fc00a2c39e90264f33305004495a9","hash":"eacce99a08a664bfe0a1d33c0dffb98ec5a3515e"}
,"/Users/khairunnisa/WebstormProjects/REACTJS/landing_page_axa_mandiri/src/components/user-card/user-card.jsx": {"path":"/Users/khairunnisa/WebstormProjects/REACTJS/landing_page_axa_mandiri/src/components/user-card/user-card.jsx","statementMap":{"0":{"start":{"line":10,"column":2},"end":{"line":26,"column":4}},"1":{"start":{"line":29,"column":0},"end":{"line":34,"column":2}}},"fnMap":{"0":{"name":"UserCard","decl":{"start":{"line":9,"column":24},"end":{"line":9,"column":32}},"loc":{"start":{"line":9,"column":73},"end":{"line":27,"column":1}},"line":9}},"branchMap":{},"s":{"0":8,"1":1},"f":{"0":8},"b":{},"_coverageSchema":"1a1c01bbd47fc00a2c39e90264f33305004495a9","hash":"95c487b3fba50129a48c9ae863bfdc6c7378b8e9"}
,"/Users/khairunnisa/WebstormProjects/REACTJS/landing_page_axa_mandiri/src/pages/home/home.jsx": {"path":"/Users/khairunnisa/WebstormProjects/REACTJS/landing_page_axa_mandiri/src/pages/home/home.jsx","statementMap":{"0":{"start":{"line":7,"column":28},"end":{"line":7,"column":40}},"1":{"start":{"line":9,"column":25},"end":{"line":18,"column":5}},"2":{"start":{"line":10,"column":8},"end":{"line":17,"column":15}},"3":{"start":{"line":12,"column":16},"end":{"line":12,"column":39}},"4":{"start":{"line":13,"column":16},"end":{"line":13,"column":43}},"5":{"start":{"line":16,"column":16},"end":{"line":16,"column":31}},"6":{"start":{"line":20,"column":4},"end":{"line":22,"column":11}},"7":{"start":{"line":21,"column":8},"end":{"line":21,"column":23}},"8":{"start":{"line":24,"column":19},"end":{"line":24,"column":35}},"9":{"start":{"line":25,"column":4},"end":{"line":44,"column":6}},"10":{"start":{"line":30,"column":20},"end":{"line":40,"column":26}}},"fnMap":{"0":{"name":"Home","decl":{"start":{"line":6,"column":9},"end":{"line":6,"column":13}},"loc":{"start":{"line":6,"column":16},"end":{"line":45,"column":1}},"line":6},"1":{"name":"(anonymous_1)","decl":{"start":{"line":9,"column":25},"end":{"line":9,"column":26}},"loc":{"start":{"line":9,"column":37},"end":{"line":18,"column":5}},"line":9},"2":{"name":"(anonymous_2)","decl":{"start":{"line":11,"column":18},"end":{"line":11,"column":19}},"loc":{"start":{"line":11,"column":30},"end":{"line":14,"column":13}},"line":11},"3":{"name":"(anonymous_3)","decl":{"start":{"line":15,"column":19},"end":{"line":15,"column":20}},"loc":{"start":{"line":15,"column":24},"end":{"line":17,"column":13}},"line":15},"4":{"name":"(anonymous_4)","decl":{"start":{"line":20,"column":14},"end":{"line":20,"column":15}},"loc":{"start":{"line":20,"column":20},"end":{"line":22,"column":5}},"line":20},"5":{"name":"(anonymous_5)","decl":{"start":{"line":29,"column":26},"end":{"line":29,"column":27}},"loc":{"start":{"line":30,"column":20},"end":{"line":40,"column":26}},"line":30}},"branchMap":{},"s":{"0":10,"1":9,"2":5,"3":5,"4":5,"5":0,"6":9,"7":5,"8":9,"9":9,"10":5},"f":{"0":10,"1":5,"2":5,"3":0,"4":5,"5":5},"b":{},"_coverageSchema":"1a1c01bbd47fc00a2c39e90264f33305004495a9","hash":"eac839e92705808218d6bcb9af2b7abd67775789"}
,"/Users/khairunnisa/WebstormProjects/REACTJS/landing_page_axa_mandiri/src/pages/list-photo/list-photo.jsx": {"path":"/Users/khairunnisa/WebstormProjects/REACTJS/landing_page_axa_mandiri/src/pages/list-photo/list-photo.jsx","statementMap":{"0":{"start":{"line":6,"column":24},"end":{"line":6,"column":35}},"1":{"start":{"line":7,"column":46},"end":{"line":7,"column":58}},"2":{"start":{"line":8,"column":27},"end":{"line":16,"column":5}},"3":{"start":{"line":9,"column":8},"end":{"line":15,"column":15}},"4":{"start":{"line":11,"column":16},"end":{"line":11,"column":48}},"5":{"start":{"line":14,"column":16},"end":{"line":14,"column":31}},"6":{"start":{"line":18,"column":4},"end":{"line":20,"column":18}},"7":{"start":{"line":19,"column":8},"end":{"line":19,"column":24}},"8":{"start":{"line":22,"column":4},"end":{"line":68,"column":6}},"9":{"start":{"line":27,"column":20},"end":{"line":62,"column":26}}},"fnMap":{"0":{"name":"ListPhoto","decl":{"start":{"line":5,"column":9},"end":{"line":5,"column":18}},"loc":{"start":{"line":5,"column":21},"end":{"line":69,"column":1}},"line":5},"1":{"name":"(anonymous_1)","decl":{"start":{"line":8,"column":27},"end":{"line":8,"column":28}},"loc":{"start":{"line":8,"column":33},"end":{"line":16,"column":5}},"line":8},"2":{"name":"(anonymous_2)","decl":{"start":{"line":10,"column":18},"end":{"line":10,"column":19}},"loc":{"start":{"line":10,"column":30},"end":{"line":12,"column":13}},"line":10},"3":{"name":"(anonymous_3)","decl":{"start":{"line":13,"column":19},"end":{"line":13,"column":20}},"loc":{"start":{"line":13,"column":24},"end":{"line":15,"column":13}},"line":13},"4":{"name":"(anonymous_4)","decl":{"start":{"line":18,"column":14},"end":{"line":18,"column":15}},"loc":{"start":{"line":18,"column":20},"end":{"line":20,"column":5}},"line":18},"5":{"name":"(anonymous_5)","decl":{"start":{"line":26,"column":35},"end":{"line":26,"column":36}},"loc":{"start":{"line":27,"column":20},"end":{"line":62,"column":26}},"line":27}},"branchMap":{},"s":{"0":2,"1":2,"2":2,"3":2,"4":2,"5":0,"6":2,"7":2,"8":2,"9":0},"f":{"0":2,"1":2,"2":2,"3":0,"4":2,"5":0},"b":{},"_coverageSchema":"1a1c01bbd47fc00a2c39e90264f33305004495a9","hash":"c5c56c51512c937600325e72296d418439ae230c"}
,"/Users/khairunnisa/WebstormProjects/REACTJS/landing_page_axa_mandiri/src/pages/list-user/list-user.jsx": {"path":"/Users/khairunnisa/WebstormProjects/REACTJS/landing_page_axa_mandiri/src/pages/list-user/list-user.jsx","statementMap":{"0":{"start":{"line":6,"column":8},"end":{"line":17,"column":10}},"1":{"start":{"line":20,"column":0},"end":{"line":23,"column":2}}},"fnMap":{"0":{"name":"ListUser","decl":{"start":{"line":5,"column":24},"end":{"line":5,"column":32}},"loc":{"start":{"line":5,"column":45},"end":{"line":18,"column":1}},"line":5}},"branchMap":{},"s":{"0":3,"1":1},"f":{"0":3},"b":{},"_coverageSchema":"1a1c01bbd47fc00a2c39e90264f33305004495a9","hash":"8a569dce3cadfd7dfc3a739e57303fac490385b4"}
,"/Users/khairunnisa/WebstormProjects/REACTJS/landing_page_axa_mandiri/src/pages/postDetail/postDetail.jsx": {"path":"/Users/khairunnisa/WebstormProjects/REACTJS/landing_page_axa_mandiri/src/pages/postDetail/postDetail.jsx","statementMap":{"0":{"start":{"line":8,"column":19},"end":{"line":38,"column":1}},"1":{"start":{"line":9,"column":23},"end":{"line":9,"column":34}},"2":{"start":{"line":10,"column":28},"end":{"line":10,"column":40}},"3":{"start":{"line":12,"column":4},"end":{"line":24,"column":11}},"4":{"start":{"line":13,"column":30},"end":{"line":20,"column":9}},"5":{"start":{"line":14,"column":12},"end":{"line":19,"column":13}},"6":{"start":{"line":15,"column":33},"end":{"line":15,"column":67}},"7":{"start":{"line":16,"column":16},"end":{"line":16,"column":39}},"8":{"start":{"line":18,"column":16},"end":{"line":18,"column":35}},"9":{"start":{"line":22,"column":8},"end":{"line":22,"column":24}},"10":{"start":{"line":26,"column":4},"end":{"line":37,"column":6}},"11":{"start":{"line":40,"column":24},"end":{"line":252,"column":1}},"12":{"start":{"line":41,"column":27},"end":{"line":47,"column":5}},"13":{"start":{"line":48,"column":36},"end":{"line":48,"column":49}},"14":{"start":{"line":49,"column":42},"end":{"line":49,"column":66}},"15":{"start":{"line":50,"column":29},"end":{"line":61,"column":5}},"16":{"start":{"line":51,"column":8},"end":{"line":60,"column":9}},"17":{"start":{"line":52,"column":29},"end":{"line":52,"column":78}},"18":{"start":{"line":53,"column":12},"end":{"line":57,"column":13}},"19":{"start":{"line":54,"column":16},"end":{"line":54,"column":43}},"20":{"start":{"line":56,"column":16},"end":{"line":56,"column":54}},"21":{"start":{"line":59,"column":12},"end":{"line":59,"column":33}},"22":{"start":{"line":63,"column":4},"end":{"line":65,"column":17}},"23":{"start":{"line":64,"column":8},"end":{"line":64,"column":27}},"24":{"start":{"line":67,"column":26},"end":{"line":85,"column":5}},"25":{"start":{"line":68,"column":25},"end":{"line":68,"column":77}},"26":{"start":{"line":68,"column":51},"end":{"line":68,"column":76}},"27":{"start":{"line":70,"column":8},"end":{"line":84,"column":9}},"28":{"start":{"line":71,"column":36},"end":{"line":71,"column":49}},"29":{"start":{"line":72,"column":12},"end":{"line":77,"column":14}},"30":{"start":{"line":79,"column":12},"end":{"line":79,"column":41}},"31":{"start":{"line":80,"column":12},"end":{"line":80,"column":23}},"32":{"start":{"line":81,"column":12},"end":{"line":81,"column":50}},"33":{"start":{"line":83,"column":12},"end":{"line":83,"column":39}},"34":{"start":{"line":88,"column":24},"end":{"line":104,"column":5}},"35":{"start":{"line":89,"column":8},"end":{"line":103,"column":9}},"36":{"start":{"line":90,"column":27},"end":{"line":96,"column":13}},"37":{"start":{"line":97,"column":29},"end":{"line":97,"column":50}},"38":{"start":{"line":98,"column":12},"end":{"line":98,"column":33}},"39":{"start":{"line":99,"column":12},"end":{"line":99,"column":23}},"40":{"start":{"line":100,"column":12},"end":{"line":100,"column":44}},"41":{"start":{"line":102,"column":12},"end":{"line":102,"column":40}},"42":{"start":{"line":106,"column":23},"end":{"line":114,"column":5}},"43":{"start":{"line":107,"column":8},"end":{"line":113,"column":10}},"44":{"start":{"line":115,"column":25},"end":{"line":122,"column":5}},"45":{"start":{"line":116,"column":8},"end":{"line":121,"column":9}},"46":{"start":{"line":117,"column":12},"end":{"line":117,"column":77}},"47":{"start":{"line":117,"column":51},"end":{"line":117,"column":75}},"48":{"start":{"line":118,"column":12},"end":{"line":118,"column":46}},"49":{"start":{"line":120,"column":12},"end":{"line":120,"column":42}},"50":{"start":{"line":123,"column":30},"end":{"line":126,"column":5}},"51":{"start":{"line":124,"column":32},"end":{"line":124,"column":44}},"52":{"start":{"line":125,"column":8},"end":{"line":125,"column":58}},"53":{"start":{"line":128,"column":22},"end":{"line":130,"column":5}},"54":{"start":{"line":129,"column":8},"end":{"line":129,"column":38}},"55":{"start":{"line":132,"column":4},"end":{"line":251,"column":6}},"56":{"start":{"line":219,"column":16},"end":{"line":247,"column":22}},"57":{"start":{"line":237,"column":47},"end":{"line":237,"column":66}},"58":{"start":{"line":242,"column":47},"end":{"line":242,"column":71}},"59":{"start":{"line":254,"column":0},"end":{"line":256,"column":2}}},"fnMap":{"0":{"name":"(anonymous_0)","decl":{"start":{"line":8,"column":19},"end":{"line":8,"column":20}},"loc":{"start":{"line":8,"column":25},"end":{"line":38,"column":1}},"line":8},"1":{"name":"(anonymous_1)","decl":{"start":{"line":12,"column":14},"end":{"line":12,"column":15}},"loc":{"start":{"line":12,"column":20},"end":{"line":24,"column":5}},"line":12},"2":{"name":"(anonymous_2)","decl":{"start":{"line":13,"column":30},"end":{"line":13,"column":31}},"loc":{"start":{"line":13,"column":42},"end":{"line":20,"column":9}},"line":13},"3":{"name":"(anonymous_3)","decl":{"start":{"line":40,"column":24},"end":{"line":40,"column":25}},"loc":{"start":{"line":40,"column":38},"end":{"line":252,"column":1}},"line":40},"4":{"name":"(anonymous_4)","decl":{"start":{"line":50,"column":29},"end":{"line":50,"column":30}},"loc":{"start":{"line":50,"column":41},"end":{"line":61,"column":5}},"line":50},"5":{"name":"(anonymous_5)","decl":{"start":{"line":63,"column":14},"end":{"line":63,"column":15}},"loc":{"start":{"line":63,"column":20},"end":{"line":65,"column":5}},"line":63},"6":{"name":"(anonymous_6)","decl":{"start":{"line":67,"column":26},"end":{"line":67,"column":27}},"loc":{"start":{"line":67,"column":32},"end":{"line":85,"column":5}},"line":67},"7":{"name":"(anonymous_7)","decl":{"start":{"line":68,"column":44},"end":{"line":68,"column":45}},"loc":{"start":{"line":68,"column":51},"end":{"line":68,"column":76}},"line":68},"8":{"name":"(anonymous_8)","decl":{"start":{"line":88,"column":24},"end":{"line":88,"column":25}},"loc":{"start":{"line":88,"column":30},"end":{"line":104,"column":5}},"line":88},"9":{"name":"(anonymous_9)","decl":{"start":{"line":106,"column":23},"end":{"line":106,"column":24}},"loc":{"start":{"line":106,"column":33},"end":{"line":114,"column":5}},"line":106},"10":{"name":"(anonymous_10)","decl":{"start":{"line":115,"column":25},"end":{"line":115,"column":26}},"loc":{"start":{"line":115,"column":46},"end":{"line":122,"column":5}},"line":115},"11":{"name":"(anonymous_11)","decl":{"start":{"line":117,"column":40},"end":{"line":117,"column":41}},"loc":{"start":{"line":117,"column":51},"end":{"line":117,"column":75}},"line":117},"12":{"name":"(anonymous_12)","decl":{"start":{"line":123,"column":30},"end":{"line":123,"column":31}},"loc":{"start":{"line":123,"column":39},"end":{"line":126,"column":5}},"line":123},"13":{"name":"(anonymous_13)","decl":{"start":{"line":128,"column":22},"end":{"line":128,"column":23}},"loc":{"start":{"line":128,"column":27},"end":{"line":130,"column":5}},"line":128},"14":{"name":"(anonymous_14)","decl":{"start":{"line":218,"column":26},"end":{"line":218,"column":27}},"loc":{"start":{"line":219,"column":16},"end":{"line":247,"column":22}},"line":219},"15":{"name":"(anonymous_15)","decl":{"start":{"line":237,"column":41},"end":{"line":237,"column":42}},"loc":{"start":{"line":237,"column":47},"end":{"line":237,"column":66}},"line":237},"16":{"name":"(anonymous_16)","decl":{"start":{"line":242,"column":41},"end":{"line":242,"column":42}},"loc":{"start":{"line":242,"column":47},"end":{"line":242,"column":71}},"line":242}},"branchMap":{"0":{"loc":{"start":{"line":29,"column":13},"end":{"line":35,"column":13}},"type":"binary-expr","locations":[{"start":{"line":29,"column":13},"end":{"line":29,"column":17}},{"start":{"line":30,"column":16},"end":{"line":34,"column":22}}],"line":29},"1":{"loc":{"start":{"line":53,"column":12},"end":{"line":57,"column":13}},"type":"if","locations":[{"start":{"line":53,"column":12},"end":{"line":57,"column":13}},{"start":{"line":55,"column":19},"end":{"line":57,"column":13}}],"line":53},"2":{"loc":{"start":{"line":70,"column":8},"end":{"line":84,"column":9}},"type":"if","locations":[{"start":{"line":70,"column":8},"end":{"line":84,"column":9}},{"start":{"line":82,"column":15},"end":{"line":84,"column":9}}],"line":70},"3":{"loc":{"start":{"line":148,"column":25},"end":{"line":156,"column":25}},"type":"cond-expr","locations":[{"start":{"line":149,"column":28},"end":{"line":151,"column":34}},{"start":{"line":153,"column":28},"end":{"line":155,"column":34}}],"line":148},"4":{"loc":{"start":{"line":197,"column":29},"end":{"line":212,"column":29}},"type":"cond-expr","locations":[{"start":{"line":198,"column":32},"end":{"line":204,"column":41}},{"start":{"line":206,"column":32},"end":{"line":211,"column":41}}],"line":197}},"s":{"0":1,"1":0,"2":0,"3":0,"4":0,"5":0,"6":0,"7":0,"8":0,"9":0,"10":0,"11":1,"12":3,"13":3,"14":3,"15":3,"16":3,"17":3,"18":3,"19":0,"20":3,"21":0,"22":3,"23":3,"24":3,"25":0,"26":0,"27":0,"28":0,"29":0,"30":0,"31":0,"32":0,"33":0,"34":3,"35":0,"36":0,"37":0,"38":0,"39":0,"40":0,"41":0,"42":3,"43":0,"44":3,"45":0,"46":0,"47":0,"48":0,"49":0,"50":3,"51":0,"52":0,"53":3,"54":0,"55":3,"56":0,"57":0,"58":0,"59":1},"f":{"0":0,"1":0,"2":0,"3":3,"4":3,"5":3,"6":0,"7":0,"8":0,"9":0,"10":0,"11":0,"12":0,"13":0,"14":0,"15":0,"16":0},"b":{"0":[0,0],"1":[0,3],"2":[0,0],"3":[0,3],"4":[0,3]},"_coverageSchema":"1a1c01bbd47fc00a2c39e90264f33305004495a9","hash":"8c7ee6acea54c1f4793c767c0f6fb2ec08f51656"}
,"/Users/khairunnisa/WebstormProjects/REACTJS/landing_page_axa_mandiri/src/pages/posts/posts.jsx": {"path":"/Users/khairunnisa/WebstormProjects/REACTJS/landing_page_axa_mandiri/src/pages/posts/posts.jsx","statementMap":{"0":{"start":{"line":7,"column":14},"end":{"line":230,"column":1}},"1":{"start":{"line":8,"column":23},"end":{"line":8,"column":34}},"2":{"start":{"line":9,"column":29},"end":{"line":14,"column":5}},"3":{"start":{"line":16,"column":30},"end":{"line":16,"column":42}},"4":{"start":{"line":17,"column":37},"end":{"line":17,"column":63}},"5":{"start":{"line":18,"column":48},"end":{"line":18,"column":60}},"6":{"start":{"line":20,"column":27},"end":{"line":28,"column":5}},"7":{"start":{"line":21,"column":9},"end":{"line":27,"column":15}},"8":{"start":{"line":23,"column":16},"end":{"line":23,"column":40}},"9":{"start":{"line":26,"column":16},"end":{"line":26,"column":31}},"10":{"start":{"line":30,"column":28},"end":{"line":38,"column":5}},"11":{"start":{"line":31,"column":9},"end":{"line":37,"column":15}},"12":{"start":{"line":33,"column":16},"end":{"line":33,"column":49}},"13":{"start":{"line":36,"column":16},"end":{"line":36,"column":31}},"14":{"start":{"line":42,"column":4},"end":{"line":45,"column":17}},"15":{"start":{"line":43,"column":8},"end":{"line":43,"column":24}},"16":{"start":{"line":44,"column":8},"end":{"line":44,"column":25}},"17":{"start":{"line":47,"column":21},"end":{"line":64,"column":5}},"18":{"start":{"line":48,"column":8},"end":{"line":63,"column":9}},"19":{"start":{"line":49,"column":27},"end":{"line":54,"column":13}},"20":{"start":{"line":55,"column":29},"end":{"line":55,"column":47}},"21":{"start":{"line":56,"column":12},"end":{"line":56,"column":41}},"22":{"start":{"line":57,"column":12},"end":{"line":57,"column":30}},"23":{"start":{"line":58,"column":12},"end":{"line":58,"column":44}},"24":{"start":{"line":59,"column":12},"end":{"line":59,"column":23}},"25":{"start":{"line":62,"column":12},"end":{"line":62,"column":40}},"26":{"start":{"line":66,"column":23},"end":{"line":82,"column":5}},"27":{"start":{"line":67,"column":25},"end":{"line":67,"column":71}},"28":{"start":{"line":67,"column":48},"end":{"line":67,"column":70}},"29":{"start":{"line":69,"column":8},"end":{"line":81,"column":9}},"30":{"start":{"line":70,"column":36},"end":{"line":70,"column":46}},"31":{"start":{"line":71,"column":12},"end":{"line":75,"column":14}},"32":{"start":{"line":76,"column":12},"end":{"line":76,"column":38}},"33":{"start":{"line":77,"column":12},"end":{"line":77,"column":23}},"34":{"start":{"line":78,"column":12},"end":{"line":78,"column":47}},"35":{"start":{"line":80,"column":12},"end":{"line":80,"column":36}},"36":{"start":{"line":84,"column":25},"end":{"line":91,"column":5}},"37":{"start":{"line":85,"column":8},"end":{"line":90,"column":9}},"38":{"start":{"line":86,"column":12},"end":{"line":86,"column":63}},"39":{"start":{"line":86,"column":42},"end":{"line":86,"column":60}},"40":{"start":{"line":87,"column":12},"end":{"line":87,"column":46}},"41":{"start":{"line":89,"column":12},"end":{"line":89,"column":42}},"42":{"start":{"line":93,"column":23},"end":{"line":100,"column":5}},"43":{"start":{"line":94,"column":8},"end":{"line":99,"column":11}},"44":{"start":{"line":102,"column":30},"end":{"line":105,"column":5}},"45":{"start":{"line":103,"column":32},"end":{"line":103,"column":44}},"46":{"start":{"line":104,"column":8},"end":{"line":104,"column":53}},"47":{"start":{"line":107,"column":22},"end":{"line":109,"column":5}},"48":{"start":{"line":108,"column":8},"end":{"line":108,"column":39}},"49":{"start":{"line":111,"column":4},"end":{"line":229,"column":6}},"50":{"start":{"line":127,"column":24},"end":{"line":148,"column":29}},"51":{"start":{"line":138,"column":55},"end":{"line":138,"column":110}},"52":{"start":{"line":144,"column":55},"end":{"line":144,"column":76}},"53":{"start":{"line":221,"column":16},"end":{"line":226,"column":21}}},"fnMap":{"0":{"name":"(anonymous_0)","decl":{"start":{"line":7,"column":14},"end":{"line":7,"column":15}},"loc":{"start":{"line":7,"column":20},"end":{"line":230,"column":1}},"line":7},"1":{"name":"(anonymous_1)","decl":{"start":{"line":20,"column":27},"end":{"line":20,"column":28}},"loc":{"start":{"line":20,"column":33},"end":{"line":28,"column":5}},"line":20},"2":{"name":"(anonymous_2)","decl":{"start":{"line":22,"column":18},"end":{"line":22,"column":19}},"loc":{"start":{"line":22,"column":30},"end":{"line":24,"column":13}},"line":22},"3":{"name":"(anonymous_3)","decl":{"start":{"line":25,"column":19},"end":{"line":25,"column":20}},"loc":{"start":{"line":25,"column":24},"end":{"line":27,"column":13}},"line":25},"4":{"name":"(anonymous_4)","decl":{"start":{"line":30,"column":28},"end":{"line":30,"column":29}},"loc":{"start":{"line":30,"column":34},"end":{"line":38,"column":5}},"line":30},"5":{"name":"(anonymous_5)","decl":{"start":{"line":32,"column":18},"end":{"line":32,"column":19}},"loc":{"start":{"line":32,"column":30},"end":{"line":34,"column":13}},"line":32},"6":{"name":"(anonymous_6)","decl":{"start":{"line":35,"column":19},"end":{"line":35,"column":20}},"loc":{"start":{"line":35,"column":24},"end":{"line":37,"column":13}},"line":35},"7":{"name":"(anonymous_7)","decl":{"start":{"line":42,"column":14},"end":{"line":42,"column":15}},"loc":{"start":{"line":42,"column":20},"end":{"line":45,"column":5}},"line":42},"8":{"name":"(anonymous_8)","decl":{"start":{"line":47,"column":21},"end":{"line":47,"column":22}},"loc":{"start":{"line":47,"column":27},"end":{"line":64,"column":5}},"line":47},"9":{"name":"(anonymous_9)","decl":{"start":{"line":66,"column":23},"end":{"line":66,"column":24}},"loc":{"start":{"line":66,"column":29},"end":{"line":82,"column":5}},"line":66},"10":{"name":"(anonymous_10)","decl":{"start":{"line":67,"column":41},"end":{"line":67,"column":42}},"loc":{"start":{"line":67,"column":48},"end":{"line":67,"column":70}},"line":67},"11":{"name":"(anonymous_11)","decl":{"start":{"line":84,"column":25},"end":{"line":84,"column":26}},"loc":{"start":{"line":84,"column":43},"end":{"line":91,"column":5}},"line":84},"12":{"name":"(anonymous_12)","decl":{"start":{"line":86,"column":34},"end":{"line":86,"column":35}},"loc":{"start":{"line":86,"column":42},"end":{"line":86,"column":60}},"line":86},"13":{"name":"(anonymous_13)","decl":{"start":{"line":93,"column":23},"end":{"line":93,"column":24}},"loc":{"start":{"line":93,"column":56},"end":{"line":100,"column":5}},"line":93},"14":{"name":"(anonymous_14)","decl":{"start":{"line":102,"column":30},"end":{"line":102,"column":31}},"loc":{"start":{"line":102,"column":39},"end":{"line":105,"column":5}},"line":102},"15":{"name":"(anonymous_15)","decl":{"start":{"line":107,"column":22},"end":{"line":107,"column":23}},"loc":{"start":{"line":107,"column":28},"end":{"line":109,"column":5}},"line":107},"16":{"name":"(anonymous_16)","decl":{"start":{"line":126,"column":31},"end":{"line":126,"column":32}},"loc":{"start":{"line":127,"column":24},"end":{"line":148,"column":29}},"line":127},"17":{"name":"(anonymous_17)","decl":{"start":{"line":138,"column":49},"end":{"line":138,"column":50}},"loc":{"start":{"line":138,"column":55},"end":{"line":138,"column":110}},"line":138},"18":{"name":"(anonymous_18)","decl":{"start":{"line":144,"column":49},"end":{"line":144,"column":50}},"loc":{"start":{"line":144,"column":55},"end":{"line":144,"column":76}},"line":144},"19":{"name":"(anonymous_19)","decl":{"start":{"line":220,"column":32},"end":{"line":220,"column":33}},"loc":{"start":{"line":221,"column":16},"end":{"line":226,"column":21}},"line":221}},"branchMap":{"0":{"loc":{"start":{"line":69,"column":8},"end":{"line":81,"column":9}},"type":"if","locations":[{"start":{"line":69,"column":8},"end":{"line":81,"column":9}},{"start":{"line":79,"column":15},"end":{"line":81,"column":9}}],"line":69},"1":{"loc":{"start":{"line":161,"column":25},"end":{"line":169,"column":25}},"type":"cond-expr","locations":[{"start":{"line":162,"column":28},"end":{"line":164,"column":34}},{"start":{"line":166,"column":28},"end":{"line":168,"column":34}}],"line":161},"2":{"loc":{"start":{"line":200,"column":29},"end":{"line":212,"column":29}},"type":"cond-expr","locations":[{"start":{"line":200,"column":44},"end":{"line":204,"column":93}},{"start":{"line":206,"column":32},"end":{"line":211,"column":41}}],"line":200}},"s":{"0":0,"1":0,"2":0,"3":0,"4":0,"5":0,"6":0,"7":0,"8":0,"9":0,"10":0,"11":0,"12":0,"13":0,"14":0,"15":0,"16":0,"17":0,"18":0,"19":0,"20":0,"21":0,"22":0,"23":0,"24":0,"25":0,"26":0,"27":0,"28":0,"29":0,"30":0,"31":0,"32":0,"33":0,"34":0,"35":0,"36":0,"37":0,"38":0,"39":0,"40":0,"41":0,"42":0,"43":0,"44":0,"45":0,"46":0,"47":0,"48":0,"49":0,"50":0,"51":0,"52":0,"53":0},"f":{"0":0,"1":0,"2":0,"3":0,"4":0,"5":0,"6":0,"7":0,"8":0,"9":0,"10":0,"11":0,"12":0,"13":0,"14":0,"15":0,"16":0,"17":0,"18":0,"19":0},"b":{"0":[0,0],"1":[0,0],"2":[0,0]}}
,"/Users/khairunnisa/WebstormProjects/REACTJS/landing_page_axa_mandiri/src/pages/posts/addEditPost/addEditPost.jsx": {"path":"/Users/khairunnisa/WebstormProjects/REACTJS/landing_page_axa_mandiri/src/pages/posts/addEditPost/addEditPost.jsx","statementMap":{"0":{"start":{"line":4,"column":20},"end":{"line":35,"column":1}},"1":{"start":{"line":5,"column":40},"end":{"line":5,"column":45}},"2":{"start":{"line":6,"column":36},"end":{"line":6,"column":86}},"3":{"start":{"line":8,"column":25},"end":{"line":15,"column":5}},"4":{"start":{"line":9,"column":8},"end":{"line":9,"column":51}},"5":{"start":{"line":10,"column":32},"end":{"line":10,"column":40}},"6":{"start":{"line":11,"column":8},"end":{"line":14,"column":12}},"7":{"start":{"line":11,"column":34},"end":{"line":14,"column":9}},"8":{"start":{"line":17,"column":25},"end":{"line":20,"column":5}},"9":{"start":{"line":18,"column":8},"end":{"line":18,"column":27}},"10":{"start":{"line":19,"column":8},"end":{"line":19,"column":27}},"11":{"start":{"line":22,"column":4},"end":{"line":34,"column":6}},"12":{"start":{"line":37,"column":0},"end":{"line":40,"column":2}}},"fnMap":{"0":{"name":"(anonymous_0)","decl":{"start":{"line":4,"column":20},"end":{"line":4,"column":21}},"loc":{"start":{"line":4,"column":31},"end":{"line":35,"column":1}},"line":4},"1":{"name":"(anonymous_1)","decl":{"start":{"line":8,"column":25},"end":{"line":8,"column":26}},"loc":{"start":{"line":8,"column":32},"end":{"line":15,"column":5}},"line":8},"2":{"name":"(anonymous_2)","decl":{"start":{"line":11,"column":20},"end":{"line":11,"column":21}},"loc":{"start":{"line":11,"column":34},"end":{"line":14,"column":9}},"line":11},"3":{"name":"(anonymous_3)","decl":{"start":{"line":17,"column":25},"end":{"line":17,"column":26}},"loc":{"start":{"line":17,"column":32},"end":{"line":20,"column":5}},"line":17}},"branchMap":{"0":{"loc":{"start":{"line":6,"column":45},"end":{"line":6,"column":85}},"type":"binary-expr","locations":[{"start":{"line":6,"column":45},"end":{"line":6,"column":58}},{"start":{"line":6,"column":62},"end":{"line":6,"column":85}}],"line":6},"1":{"loc":{"start":{"line":32,"column":35},"end":{"line":32,"column":77}},"type":"cond-expr","locations":[{"start":{"line":32,"column":51},"end":{"line":32,"column":64}},{"start":{"line":32,"column":67},"end":{"line":32,"column":77}}],"line":32}},"s":{"0":0,"1":0,"2":0,"3":0,"4":0,"5":0,"6":0,"7":0,"8":0,"9":0,"10":0,"11":0,"12":0},"f":{"0":0,"1":0,"2":0,"3":0},"b":{"0":[0,0],"1":[0,0]}}
,"/Users/khairunnisa/WebstormProjects/REACTJS/landing_page_axa_mandiri/src/pages/users/users.jsx": {"path":"/Users/khairunnisa/WebstormProjects/REACTJS/landing_page_axa_mandiri/src/pages/users/users.jsx","statementMap":{"0":{"start":{"line":9,"column":46},"end":{"line":9,"column":61}},"1":{"start":{"line":10,"column":34},"end":{"line":10,"column":44}},"2":{"start":{"line":11,"column":26},"end":{"line":11,"column":38}},"3":{"start":{"line":13,"column":22},"end":{"line":18,"column":3}},"4":{"start":{"line":14,"column":17},"end":{"line":14,"column":31}},"5":{"start":{"line":15,"column":19},"end":{"line":15,"column":52}},"6":{"start":{"line":15,"column":36},"end":{"line":15,"column":51}},"7":{"start":{"line":16,"column":4},"end":{"line":16,"column":28}},"8":{"start":{"line":17,"column":4},"end":{"line":17,"column":26}},"9":{"start":{"line":20,"column":2},"end":{"line":22,"column":9}},"10":{"start":{"line":21,"column":4},"end":{"line":21,"column":19}},"11":{"start":{"line":24,"column":24},"end":{"line":33,"column":3}},"12":{"start":{"line":25,"column":4},"end":{"line":32,"column":11}},"13":{"start":{"line":27,"column":10},"end":{"line":27,"column":33}},"14":{"start":{"line":28,"column":10},"end":{"line":28,"column":37}},"15":{"start":{"line":31,"column":10},"end":{"line":31,"column":25}},"16":{"start":{"line":34,"column":23},"end":{"line":36,"column":3}},"17":{"start":{"line":35,"column":4},"end":{"line":35,"column":29}},"18":{"start":{"line":38,"column":2},"end":{"line":58,"column":4}},"19":{"start":{"line":44,"column":14},"end":{"line":50,"column":16}}},"fnMap":{"0":{"name":"Users","decl":{"start":{"line":8,"column":24},"end":{"line":8,"column":29}},"loc":{"start":{"line":8,"column":32},"end":{"line":59,"column":1}},"line":8},"1":{"name":"(anonymous_1)","decl":{"start":{"line":13,"column":22},"end":{"line":13,"column":23}},"loc":{"start":{"line":13,"column":29},"end":{"line":18,"column":3}},"line":13},"2":{"name":"(anonymous_2)","decl":{"start":{"line":15,"column":29},"end":{"line":15,"column":30}},"loc":{"start":{"line":15,"column":36},"end":{"line":15,"column":51}},"line":15},"3":{"name":"(anonymous_3)","decl":{"start":{"line":20,"column":12},"end":{"line":20,"column":13}},"loc":{"start":{"line":20,"column":18},"end":{"line":22,"column":3}},"line":20},"4":{"name":"(anonymous_4)","decl":{"start":{"line":24,"column":24},"end":{"line":24,"column":25}},"loc":{"start":{"line":24,"column":30},"end":{"line":33,"column":3}},"line":24},"5":{"name":"(anonymous_5)","decl":{"start":{"line":26,"column":14},"end":{"line":26,"column":15}},"loc":{"start":{"line":26,"column":26},"end":{"line":29,"column":9}},"line":26},"6":{"name":"(anonymous_6)","decl":{"start":{"line":30,"column":15},"end":{"line":30,"column":16}},"loc":{"start":{"line":30,"column":20},"end":{"line":32,"column":9}},"line":30},"7":{"name":"(anonymous_7)","decl":{"start":{"line":34,"column":23},"end":{"line":34,"column":24}},"loc":{"start":{"line":34,"column":29},"end":{"line":36,"column":3}},"line":34},"8":{"name":"(anonymous_8)","decl":{"start":{"line":43,"column":20},"end":{"line":43,"column":21}},"loc":{"start":{"line":44,"column":14},"end":{"line":50,"column":16}},"line":44}},"branchMap":{},"s":{"0":0,"1":0,"2":0,"3":0,"4":0,"5":0,"6":0,"7":0,"8":0,"9":0,"10":0,"11":0,"12":0,"13":0,"14":0,"15":0,"16":0,"17":0,"18":0,"19":0},"f":{"0":0,"1":0,"2":0,"3":0,"4":0,"5":0,"6":0,"7":0,"8":0},"b":{}}
,"/Users/khairunnisa/WebstormProjects/REACTJS/landing_page_axa_mandiri/src/service/fetchData.js": {"path":"/Users/khairunnisa/WebstormProjects/REACTJS/landing_page_axa_mandiri/src/service/fetchData.js","statementMap":{"0":{"start":{"line":1,"column":21},"end":{"line":27,"column":1}},"1":{"start":{"line":2,"column":15},"end":{"line":2,"column":24}},"2":{"start":{"line":5,"column":20},"end":{"line":14,"column":3}},"3":{"start":{"line":7,"column":6},"end":{"line":7,"column":25}},"4":{"start":{"line":8,"column":6},"end":{"line":8,"column":21}},"5":{"start":{"line":11,"column":6},"end":{"line":11,"column":23}},"6":{"start":{"line":12,"column":6},"end":{"line":12,"column":21}},"7":{"start":{"line":16,"column":15},"end":{"line":25,"column":3}},"8":{"start":{"line":17,"column":4},"end":{"line":24,"column":5}},"9":{"start":{"line":19,"column":8},"end":{"line":19,"column":24}},"10":{"start":{"line":21,"column":8},"end":{"line":21,"column":23}},"11":{"start":{"line":23,"column":8},"end":{"line":23,"column":24}},"12":{"start":{"line":26,"column":2},"end":{"line":26,"column":18}},"13":{"start":{"line":30,"column":18},"end":{"line":32,"column":25}},"14":{"start":{"line":31,"column":24},"end":{"line":31,"column":39}},"15":{"start":{"line":32,"column":20},"end":{"line":32,"column":24}},"16":{"start":{"line":33,"column":2},"end":{"line":33,"column":31}}},"fnMap":{"0":{"name":"(anonymous_0)","decl":{"start":{"line":1,"column":21},"end":{"line":1,"column":22}},"loc":{"start":{"line":1,"column":34},"end":{"line":27,"column":1}},"line":1},"1":{"name":"(anonymous_1)","decl":{"start":{"line":6,"column":4},"end":{"line":6,"column":5}},"loc":{"start":{"line":6,"column":13},"end":{"line":9,"column":5}},"line":6},"2":{"name":"(anonymous_2)","decl":{"start":{"line":10,"column":4},"end":{"line":10,"column":5}},"loc":{"start":{"line":10,"column":13},"end":{"line":13,"column":5}},"line":10},"3":{"name":"(anonymous_3)","decl":{"start":{"line":16,"column":15},"end":{"line":16,"column":16}},"loc":{"start":{"line":16,"column":21},"end":{"line":25,"column":3}},"line":16},"4":{"name":"fetchData","decl":{"start":{"line":29,"column":16},"end":{"line":29,"column":25}},"loc":{"start":{"line":29,"column":31},"end":{"line":34,"column":1}},"line":29},"5":{"name":"(anonymous_5)","decl":{"start":{"line":31,"column":10},"end":{"line":31,"column":11}},"loc":{"start":{"line":31,"column":24},"end":{"line":31,"column":39}},"line":31},"6":{"name":"(anonymous_6)","decl":{"start":{"line":32,"column":10},"end":{"line":32,"column":11}},"loc":{"start":{"line":32,"column":20},"end":{"line":32,"column":24}},"line":32}},"branchMap":{"0":{"loc":{"start":{"line":17,"column":4},"end":{"line":24,"column":5}},"type":"switch","locations":[{"start":{"line":18,"column":6},"end":{"line":19,"column":24}},{"start":{"line":20,"column":6},"end":{"line":21,"column":23}},{"start":{"line":22,"column":6},"end":{"line":23,"column":24}}],"line":17}},"s":{"0":0,"1":0,"2":0,"3":0,"4":0,"5":0,"6":0,"7":0,"8":0,"9":0,"10":0,"11":0,"12":0,"13":0,"14":0,"15":0,"16":0},"f":{"0":0,"1":0,"2":0,"3":0,"4":0,"5":0,"6":0},"b":{"0":[0,0,0]}}
,"/Users/khairunnisa/WebstormProjects/REACTJS/landing_page_axa_mandiri/src/service/api/get-albums.js": {"path":"/Users/khairunnisa/WebstormProjects/REACTJS/landing_page_axa_mandiri/src/service/api/get-albums.js","statementMap":{"0":{"start":{"line":3,"column":21},"end":{"line":5,"column":1}},"1":{"start":{"line":4,"column":4},"end":{"line":4,"column":31}},"2":{"start":{"line":7,"column":22},"end":{"line":9,"column":1}}},"fnMap":{"0":{"name":"(anonymous_0)","decl":{"start":{"line":3,"column":21},"end":{"line":3,"column":22}},"loc":{"start":{"line":3,"column":27},"end":{"line":5,"column":1}},"line":3}},"branchMap":{},"s":{"0":0,"1":0,"2":0},"f":{"0":0},"b":{}}
,"/Users/khairunnisa/WebstormProjects/REACTJS/landing_page_axa_mandiri/src/service/api/get-photos.js": {"path":"/Users/khairunnisa/WebstormProjects/REACTJS/landing_page_axa_mandiri/src/service/api/get-photos.js","statementMap":{"0":{"start":{"line":3,"column":12},"end":{"line":3,"column":57}},"1":{"start":{"line":4,"column":18},"end":{"line":4,"column":32}}},"fnMap":{},"branchMap":{},"s":{"0":0,"1":0},"f":{},"b":{}}
,"/Users/khairunnisa/WebstormProjects/REACTJS/landing_page_axa_mandiri/src/service/api/get-post-comments.js": {"path":"/Users/khairunnisa/WebstormProjects/REACTJS/landing_page_axa_mandiri/src/service/api/get-post-comments.js","statementMap":{"0":{"start":{"line":3,"column":24},"end":{"line":5,"column":1}},"1":{"start":{"line":4,"column":4},"end":{"line":4,"column":49}},"2":{"start":{"line":7,"column":24},"end":{"line":9,"column":1}},"3":{"start":{"line":8,"column":4},"end":{"line":8,"column":50}},"4":{"start":{"line":11,"column":28},"end":{"line":14,"column":1}}},"fnMap":{"0":{"name":"(anonymous_0)","decl":{"start":{"line":3,"column":24},"end":{"line":3,"column":25}},"loc":{"start":{"line":3,"column":36},"end":{"line":5,"column":1}},"line":3},"1":{"name":"(anonymous_1)","decl":{"start":{"line":7,"column":24},"end":{"line":7,"column":25}},"loc":{"start":{"line":7,"column":36},"end":{"line":9,"column":1}},"line":7}},"branchMap":{},"s":{"0":1,"1":0,"2":1,"3":0,"4":1},"f":{"0":0,"1":0},"b":{},"_coverageSchema":"1a1c01bbd47fc00a2c39e90264f33305004495a9","hash":"d93d1ac39457d1c1652ddd28c9c8ee72dad88bb1"}
,"/Users/khairunnisa/WebstormProjects/REACTJS/landing_page_axa_mandiri/src/service/api/get-posts.js": {"path":"/Users/khairunnisa/WebstormProjects/REACTJS/landing_page_axa_mandiri/src/service/api/get-posts.js","statementMap":{"0":{"start":{"line":3,"column":21},"end":{"line":5,"column":1}},"1":{"start":{"line":4,"column":4},"end":{"line":4,"column":47}},"2":{"start":{"line":7,"column":24},"end":{"line":9,"column":1}},"3":{"start":{"line":8,"column":4},"end":{"line":8,"column":30}},"4":{"start":{"line":11,"column":16},"end":{"line":13,"column":1}},"5":{"start":{"line":12,"column":4},"end":{"line":12,"column":40}},"6":{"start":{"line":15,"column":16},"end":{"line":17,"column":1}},"7":{"start":{"line":16,"column":4},"end":{"line":16,"column":37}},"8":{"start":{"line":19,"column":17},"end":{"line":21,"column":1}},"9":{"start":{"line":20,"column":4},"end":{"line":20,"column":53}},"10":{"start":{"line":23,"column":19},"end":{"line":25,"column":1}},"11":{"start":{"line":24,"column":4},"end":{"line":24,"column":43}},"12":{"start":{"line":27,"column":21},"end":{"line":34,"column":1}}},"fnMap":{"0":{"name":"(anonymous_0)","decl":{"start":{"line":3,"column":21},"end":{"line":3,"column":22}},"loc":{"start":{"line":3,"column":33},"end":{"line":5,"column":1}},"line":3},"1":{"name":"(anonymous_1)","decl":{"start":{"line":7,"column":24},"end":{"line":7,"column":25}},"loc":{"start":{"line":7,"column":30},"end":{"line":9,"column":1}},"line":7},"2":{"name":"(anonymous_2)","decl":{"start":{"line":11,"column":16},"end":{"line":11,"column":17}},"loc":{"start":{"line":11,"column":28},"end":{"line":13,"column":1}},"line":11},"3":{"name":"(anonymous_3)","decl":{"start":{"line":15,"column":16},"end":{"line":15,"column":17}},"loc":{"start":{"line":15,"column":26},"end":{"line":17,"column":1}},"line":15},"4":{"name":"(anonymous_4)","decl":{"start":{"line":19,"column":17},"end":{"line":19,"column":18}},"loc":{"start":{"line":19,"column":42},"end":{"line":21,"column":1}},"line":19},"5":{"name":"(anonymous_5)","decl":{"start":{"line":23,"column":19},"end":{"line":23,"column":20}},"loc":{"start":{"line":23,"column":31},"end":{"line":25,"column":1}},"line":23}},"branchMap":{},"s":{"0":1,"1":0,"2":1,"3":0,"4":1,"5":0,"6":1,"7":0,"8":1,"9":0,"10":1,"11":0,"12":1},"f":{"0":0,"1":0,"2":0,"3":0,"4":0,"5":0},"b":{},"_coverageSchema":"1a1c01bbd47fc00a2c39e90264f33305004495a9","hash":"c6affdb652512376e5aa6e0fc741c0f8fcf9afa3"}
,"/Users/khairunnisa/WebstormProjects/REACTJS/landing_page_axa_mandiri/src/service/api/get-todos.js": {"path":"/Users/khairunnisa/WebstormProjects/REACTJS/landing_page_axa_mandiri/src/service/api/get-todos.js","statementMap":{"0":{"start":{"line":3,"column":12},"end":{"line":3,"column":65}},"1":{"start":{"line":4,"column":17},"end":{"line":4,"column":31}}},"fnMap":{},"branchMap":{},"s":{"0":0,"1":0},"f":{},"b":{}}
,"/Users/khairunnisa/WebstormProjects/REACTJS/landing_page_axa_mandiri/src/service/api/get-users.js": {"path":"/Users/khairunnisa/WebstormProjects/REACTJS/landing_page_axa_mandiri/src/service/api/get-users.js","statementMap":{"0":{"start":{"line":3,"column":17},"end":{"line":5,"column":1}},"1":{"start":{"line":4,"column":4},"end":{"line":4,"column":30}},"2":{"start":{"line":7,"column":21},"end":{"line":9,"column":1}},"3":{"start":{"line":8,"column":4},"end":{"line":8,"column":40}},"4":{"start":{"line":11,"column":26},"end":{"line":13,"column":1}},"5":{"start":{"line":12,"column":4},"end":{"line":12,"column":47}},"6":{"start":{"line":15,"column":25},"end":{"line":17,"column":1}},"7":{"start":{"line":16,"column":4},"end":{"line":16,"column":48}},"8":{"start":{"line":19,"column":20},"end":{"line":24,"column":1}}},"fnMap":{"0":{"name":"(anonymous_0)","decl":{"start":{"line":3,"column":17},"end":{"line":3,"column":18}},"loc":{"start":{"line":3,"column":23},"end":{"line":5,"column":1}},"line":3},"1":{"name":"(anonymous_1)","decl":{"start":{"line":7,"column":21},"end":{"line":7,"column":22}},"loc":{"start":{"line":7,"column":35},"end":{"line":9,"column":1}},"line":7},"2":{"name":"(anonymous_2)","decl":{"start":{"line":11,"column":26},"end":{"line":11,"column":27}},"loc":{"start":{"line":11,"column":38},"end":{"line":13,"column":1}},"line":11},"3":{"name":"(anonymous_3)","decl":{"start":{"line":15,"column":25},"end":{"line":15,"column":26}},"loc":{"start":{"line":15,"column":37},"end":{"line":17,"column":1}},"line":15}},"branchMap":{},"s":{"0":2,"1":0,"2":2,"3":0,"4":2,"5":0,"6":2,"7":0,"8":2},"f":{"0":0,"1":0,"2":0,"3":0},"b":{},"_coverageSchema":"1a1c01bbd47fc00a2c39e90264f33305004495a9","hash":"71b3aa86bdad5dc4c9027c05322afe36f5e3a1b0"}
}
